  Scene.cpp
  ShaderData.cpp
  源.cpp
E:\MyProgram\ComputerGraphics\Mesh\MeshDeformation\MeshDeformation\源.cpp(60,22): warning C4244:  “初始化”: 从“double”转换到“float”，可能丢失数据
E:\MyProgram\ComputerGraphics\Mesh\MeshDeformation\MeshDeformation\源.cpp(136,14): warning C4244:  “初始化”: 从“double”转换到“float”，可能丢失数据
E:\MyProgram\ComputerGraphics\Mesh\MeshDeformation\MeshDeformation\源.cpp(137,14): warning C4244:  “初始化”: 从“double”转换到“float”，可能丢失数据
E:\MyProgram\ComputerGraphics\Mesh\MeshDeformation\MeshDeformation\源.cpp(153,31): warning C4244:  “=”: 从“double”转换到“T”，可能丢失数据
E:\MyProgram\ComputerGraphics\Mesh\MeshDeformation\MeshDeformation\源.cpp(153,31): warning C4244:         with
E:\MyProgram\ComputerGraphics\Mesh\MeshDeformation\MeshDeformation\源.cpp(153,31): warning C4244:         [
E:\MyProgram\ComputerGraphics\Mesh\MeshDeformation\MeshDeformation\源.cpp(153,31): warning C4244:             T=float
E:\MyProgram\ComputerGraphics\Mesh\MeshDeformation\MeshDeformation\源.cpp(153,31): warning C4244:         ]
  正在生成代码...
E:\MyProgram\ComputerGraphics\Mesh\MeshDeformation\MeshDeformation\源.cpp(154,31): warning C4244:  “=”: 从“double”转换到“T”，可能丢失数据
E:\MyProgram\ComputerGraphics\Mesh\MeshDeformation\MeshDeformation\源.cpp(154,31): warning C4244:         with
E:\MyProgram\ComputerGraphics\Mesh\MeshDeformation\MeshDeformation\源.cpp(154,31): warning C4244:         [
E:\MyProgram\ComputerGraphics\Mesh\MeshDeformation\MeshDeformation\源.cpp(154,31): warning C4244:             T=float
E:\MyProgram\ComputerGraphics\Mesh\MeshDeformation\MeshDeformation\源.cpp(154,31): warning C4244:         ]
LINK : warning LNK4098: 默认库“MSVCRT”与其他库的使用冲突；请使用 /NODEFAULTLIB:library
LINK : warning LNK4098: 默认库“LIBCMT”与其他库的使用冲突；请使用 /NODEFAULTLIB:library
LINK : warning LNK4286: 符号“__glewActiveTexture”(在“glew32s.lib(glew.obj)”中定义)已由“DataConvey.obj”导入
LINK : warning LNK4286: 符号“__glewGetUniformLocation”(在“glew32s.lib(glew.obj)”中定义)已由“DataConvey.obj”导入
LINK : warning LNK4286: 符号“__glewUniform1f”(在“glew32s.lib(glew.obj)”中定义)已由“DataConvey.obj”导入
LINK : warning LNK4286: 符号“__glewUniform1i”(在“glew32s.lib(glew.obj)”中定义)已由“DataConvey.obj”导入
LINK : warning LNK4286: 符号“__glewUniform3fv”(在“glew32s.lib(glew.obj)”中定义)已由“DataConvey.obj”导入
LINK : warning LNK4286: 符号“__glewUniform4fv”(在“glew32s.lib(glew.obj)”中定义)已由“DataConvey.obj”导入
LINK : warning LNK4286: 符号“__glewUniformMatrix4fv”(在“glew32s.lib(glew.obj)”中定义)已由“DataConvey.obj”导入
LINK : warning LNK4286: 符号“__glewBindVertexArray”(在“glew32s.lib(glew.obj)”中定义)已由“NewObject.obj”导入
LINK : warning LNK4286: 符号“__glewBindVertexArray”(在“glew32s.lib(glew.obj)”中定义)已由“ShaderData.obj”导入
LINK : warning LNK4217: 符号“glewInit”(在“ glew32s.lib(glew.obj)”中定义)已由“Scene.obj”(函数“"public: void __cdecl MyScene::Init(void)" (?Init@MyScene@@QEAAXXZ)”中)导入
LINK : warning LNK4286: 符号“__glewUseProgram”(在“glew32s.lib(glew.obj)”中定义)已由“Scene.obj”导入
LINK : warning LNK4286: 符号“__glewBindBuffer”(在“glew32s.lib(glew.obj)”中定义)已由“ShaderData.obj”导入
LINK : warning LNK4286: 符号“__glewBufferData”(在“glew32s.lib(glew.obj)”中定义)已由“ShaderData.obj”导入
LINK : warning LNK4286: 符号“__glewBufferSubData”(在“glew32s.lib(glew.obj)”中定义)已由“ShaderData.obj”导入
LINK : warning LNK4286: 符号“__glewGenBuffers”(在“glew32s.lib(glew.obj)”中定义)已由“ShaderData.obj”导入
LINK : warning LNK4286: 符号“__glewEnableVertexAttribArray”(在“glew32s.lib(glew.obj)”中定义)已由“ShaderData.obj”导入
LINK : warning LNK4286: 符号“__glewVertexAttribPointer”(在“glew32s.lib(glew.obj)”中定义)已由“ShaderData.obj”导入
LINK : warning LNK4286: 符号“__glewGenerateMipmap”(在“glew32s.lib(glew.obj)”中定义)已由“ShaderData.obj”导入
LINK : warning LNK4286: 符号“__glewGenVertexArrays”(在“glew32s.lib(glew.obj)”中定义)已由“ShaderData.obj”导入
glew32s.lib(glew.obj) : warning LNK4099: 未找到 PDB“vc120.pdb”(使用“glew32s.lib(glew.obj)”或在“E:\MyProgram\ComputerGraphics\Mesh\MeshDeformation\x64\Debug\vc120.pdb”中寻找)；正在链接对象，如同没有调试信息一样
SOIL.lib(image_DXT.obj) : warning LNK4099: 未找到 PDB“SOIL.pdb”(使用“SOIL.lib(image_DXT.obj)”或在“E:\MyProgram\ComputerGraphics\Mesh\MeshDeformation\x64\Debug\SOIL.pdb”中寻找)；正在链接对象，如同没有调试信息一样
SOIL.lib(image_helper.obj) : warning LNK4099: 未找到 PDB“SOIL.pdb”(使用“SOIL.lib(image_helper.obj)”或在“E:\MyProgram\ComputerGraphics\Mesh\MeshDeformation\x64\Debug\SOIL.pdb”中寻找)；正在链接对象，如同没有调试信息一样
SOIL.lib(SOIL.obj) : warning LNK4099: 未找到 PDB“SOIL.pdb”(使用“SOIL.lib(SOIL.obj)”或在“E:\MyProgram\ComputerGraphics\Mesh\MeshDeformation\x64\Debug\SOIL.pdb”中寻找)；正在链接对象，如同没有调试信息一样
SOIL.lib(stb_image_aug.obj) : warning LNK4099: 未找到 PDB“SOIL.pdb”(使用“SOIL.lib(stb_image_aug.obj)”或在“E:\MyProgram\ComputerGraphics\Mesh\MeshDeformation\x64\Debug\SOIL.pdb”中寻找)；正在链接对象，如同没有调试信息一样
OpenMeshCored.lib(BinaryHelper.obj) : warning LNK4099: 未找到 PDB“OpenMeshCore.pdb”(使用“OpenMeshCored.lib(BinaryHelper.obj)”或在“E:\MyProgram\ComputerGraphics\Mesh\MeshDeformation\x64\Debug\OpenMeshCore.pdb”中寻找)；正在链接对象，如同没有调试信息一样
OpenMeshCored.lib(IOManager.obj) : warning LNK4099: 未找到 PDB“OpenMeshCore.pdb”(使用“OpenMeshCored.lib(IOManager.obj)”或在“E:\MyProgram\ComputerGraphics\Mesh\MeshDeformation\x64\Debug\OpenMeshCore.pdb”中寻找)；正在链接对象，如同没有调试信息一样
OpenMeshCored.lib(OMFormat.obj) : warning LNK4099: 未找到 PDB“OpenMeshCore.pdb”(使用“OpenMeshCored.lib(OMFormat.obj)”或在“E:\MyProgram\ComputerGraphics\Mesh\MeshDeformation\x64\Debug\OpenMeshCore.pdb”中寻找)；正在链接对象，如同没有调试信息一样
OpenMeshCored.lib(BaseReader.obj) : warning LNK4099: 未找到 PDB“OpenMeshCore.pdb”(使用“OpenMeshCored.lib(BaseReader.obj)”或在“E:\MyProgram\ComputerGraphics\Mesh\MeshDeformation\x64\Debug\OpenMeshCore.pdb”中寻找)；正在链接对象，如同没有调试信息一样
OpenMeshCored.lib(OBJReader.obj) : warning LNK4099: 未找到 PDB“OpenMeshCore.pdb”(使用“OpenMeshCored.lib(OBJReader.obj)”或在“E:\MyProgram\ComputerGraphics\Mesh\MeshDeformation\x64\Debug\OpenMeshCore.pdb”中寻找)；正在链接对象，如同没有调试信息一样
OpenMeshCored.lib(OFFReader.obj) : warning LNK4099: 未找到 PDB“OpenMeshCore.pdb”(使用“OpenMeshCored.lib(OFFReader.obj)”或在“E:\MyProgram\ComputerGraphics\Mesh\MeshDeformation\x64\Debug\OpenMeshCore.pdb”中寻找)；正在链接对象，如同没有调试信息一样
OpenMeshCored.lib(OMReader.obj) : warning LNK4099: 未找到 PDB“OpenMeshCore.pdb”(使用“OpenMeshCored.lib(OMReader.obj)”或在“E:\MyProgram\ComputerGraphics\Mesh\MeshDeformation\x64\Debug\OpenMeshCore.pdb”中寻找)；正在链接对象，如同没有调试信息一样
OpenMeshCored.lib(PLYReader.obj) : warning LNK4099: 未找到 PDB“OpenMeshCore.pdb”(使用“OpenMeshCored.lib(PLYReader.obj)”或在“E:\MyProgram\ComputerGraphics\Mesh\MeshDeformation\x64\Debug\OpenMeshCore.pdb”中寻找)；正在链接对象，如同没有调试信息一样
OpenMeshCored.lib(STLReader.obj) : warning LNK4099: 未找到 PDB“OpenMeshCore.pdb”(使用“OpenMeshCored.lib(STLReader.obj)”或在“E:\MyProgram\ComputerGraphics\Mesh\MeshDeformation\x64\Debug\OpenMeshCore.pdb”中寻找)；正在链接对象，如同没有调试信息一样
OpenMeshCored.lib(BaseWriter.obj) : warning LNK4099: 未找到 PDB“OpenMeshCore.pdb”(使用“OpenMeshCored.lib(BaseWriter.obj)”或在“E:\MyProgram\ComputerGraphics\Mesh\MeshDeformation\x64\Debug\OpenMeshCore.pdb”中寻找)；正在链接对象，如同没有调试信息一样
OpenMeshCored.lib(OBJWriter.obj) : warning LNK4099: 未找到 PDB“OpenMeshCore.pdb”(使用“OpenMeshCored.lib(OBJWriter.obj)”或在“E:\MyProgram\ComputerGraphics\Mesh\MeshDeformation\x64\Debug\OpenMeshCore.pdb”中寻找)；正在链接对象，如同没有调试信息一样
OpenMeshCored.lib(OFFWriter.obj) : warning LNK4099: 未找到 PDB“OpenMeshCore.pdb”(使用“OpenMeshCored.lib(OFFWriter.obj)”或在“E:\MyProgram\ComputerGraphics\Mesh\MeshDeformation\x64\Debug\OpenMeshCore.pdb”中寻找)；正在链接对象，如同没有调试信息一样
OpenMeshCored.lib(OMWriter.obj) : warning LNK4099: 未找到 PDB“OpenMeshCore.pdb”(使用“OpenMeshCored.lib(OMWriter.obj)”或在“E:\MyProgram\ComputerGraphics\Mesh\MeshDeformation\x64\Debug\OpenMeshCore.pdb”中寻找)；正在链接对象，如同没有调试信息一样
OpenMeshCored.lib(PLYWriter.obj) : warning LNK4099: 未找到 PDB“OpenMeshCore.pdb”(使用“OpenMeshCored.lib(PLYWriter.obj)”或在“E:\MyProgram\ComputerGraphics\Mesh\MeshDeformation\x64\Debug\OpenMeshCore.pdb”中寻找)；正在链接对象，如同没有调试信息一样
OpenMeshCored.lib(STLWriter.obj) : warning LNK4099: 未找到 PDB“OpenMeshCore.pdb”(使用“OpenMeshCored.lib(STLWriter.obj)”或在“E:\MyProgram\ComputerGraphics\Mesh\MeshDeformation\x64\Debug\OpenMeshCore.pdb”中寻找)；正在链接对象，如同没有调试信息一样
OpenMeshCored.lib(VTKWriter.obj) : warning LNK4099: 未找到 PDB“OpenMeshCore.pdb”(使用“OpenMeshCored.lib(VTKWriter.obj)”或在“E:\MyProgram\ComputerGraphics\Mesh\MeshDeformation\x64\Debug\OpenMeshCore.pdb”中寻找)；正在链接对象，如同没有调试信息一样
OpenMeshCored.lib(ArrayKernel.obj) : warning LNK4099: 未找到 PDB“OpenMeshCore.pdb”(使用“OpenMeshCored.lib(ArrayKernel.obj)”或在“E:\MyProgram\ComputerGraphics\Mesh\MeshDeformation\x64\Debug\OpenMeshCore.pdb”中寻找)；正在链接对象，如同没有调试信息一样
OpenMeshCored.lib(PolyConnectivity.obj) : warning LNK4099: 未找到 PDB“OpenMeshCore.pdb”(使用“OpenMeshCored.lib(PolyConnectivity.obj)”或在“E:\MyProgram\ComputerGraphics\Mesh\MeshDeformation\x64\Debug\OpenMeshCore.pdb”中寻找)；正在链接对象，如同没有调试信息一样
OpenMeshCored.lib(TriConnectivity.obj) : warning LNK4099: 未找到 PDB“OpenMeshCore.pdb”(使用“OpenMeshCored.lib(TriConnectivity.obj)”或在“E:\MyProgram\ComputerGraphics\Mesh\MeshDeformation\x64\Debug\OpenMeshCore.pdb”中寻找)；正在链接对象，如同没有调试信息一样
OpenMeshCored.lib(omstream.obj) : warning LNK4099: 未找到 PDB“OpenMeshCore.pdb”(使用“OpenMeshCored.lib(omstream.obj)”或在“E:\MyProgram\ComputerGraphics\Mesh\MeshDeformation\x64\Debug\OpenMeshCore.pdb”中寻找)；正在链接对象，如同没有调试信息一样
OpenMeshCored.lib(BaseProperty.obj) : warning LNK4099: 未找到 PDB“OpenMeshCore.pdb”(使用“OpenMeshCored.lib(BaseProperty.obj)”或在“E:\MyProgram\ComputerGraphics\Mesh\MeshDeformation\x64\Debug\OpenMeshCore.pdb”中寻找)；正在链接对象，如同没有调试信息一样
OpenMeshCored.lib(Endian.obj) : warning LNK4099: 未找到 PDB“OpenMeshCore.pdb”(使用“OpenMeshCored.lib(Endian.obj)”或在“E:\MyProgram\ComputerGraphics\Mesh\MeshDeformation\x64\Debug\OpenMeshCore.pdb”中寻找)；正在链接对象，如同没有调试信息一样
  MeshDeformation.vcxproj -> E:\MyProgram\ComputerGraphics\Mesh\MeshDeformation\x64\Debug\MeshDeformation.exe
